\BOOKMARK [1][-]{section.1}{\376\377\000I\000n\000g\000l\000\351\000s}{}% 1
\BOOKMARK [2][-]{subsection.1.1}{\376\377\000O\000b\000j\000e\000c\000t\000i\000v\000e\000s}{section.1}% 2
\BOOKMARK [2][-]{subsection.1.2}{\376\377\000R\000e\000f\000l\000e\000c\000t\000i\000o\000n}{section.1}% 3
\BOOKMARK [1][-]{section.2}{\376\377\000E\000m\000p\000r\000e\000n\000d\000i\000m\000i\000e\000n\000t\000o\000\040\000y\000\040\000g\000e\000s\000t\000i\000\363\000n}{}% 4
\BOOKMARK [2][-]{subsection.2.1}{\376\377\000O\000b\000j\000e\000c\000t\000i\000v\000e\000s}{section.2}% 5
\BOOKMARK [2][-]{subsection.2.2}{\376\377\000R\000e\000f\000l\000e\000c\000t\000i\000o\000n}{section.2}% 6
\BOOKMARK [1][-]{section.3}{\376\377\000L\000e\000n\000g\000u\000a\000j\000e}{}% 7
\BOOKMARK [2][-]{subsection.3.1}{\376\377\000O\000b\000j\000e\000t\000i\000v\000o\000s}{section.3}% 8
\BOOKMARK [3][-]{subsubsection.3.1.1}{\376\377\000U\000N\000I\000D\000A\000D\000\040\0004}{subsection.3.1}% 9
\BOOKMARK [3][-]{subsubsection.3.1.2}{\376\377\000U\000N\000I\000D\000A\000D\000\040\0005}{subsection.3.1}% 10
\BOOKMARK [3][-]{subsubsection.3.1.3}{\376\377\000U\000N\000I\000D\000A\000D\000\040\0006}{subsection.3.1}% 11
\BOOKMARK [2][-]{subsection.3.2}{\376\377\000R\000e\000f\000l\000e\000x\000i\000\363\000n}{section.3}% 12
\BOOKMARK [1][-]{section.4}{\376\377\000F\000i\000l\000o\000s\000o\000f\000\355\000a}{}% 13
\BOOKMARK [2][-]{subsection.4.1}{\376\377\000O\000b\000j\000e\000t\000i\000v\000o\000s}{section.4}% 14
\BOOKMARK [1][-]{section.5}{\376\377\000H\000i\000s\000t\000o\000r\000i\000a}{}% 15
\BOOKMARK [2][-]{subsection.5.1}{\376\377\000O\000b\000j\000e\000t\000i\000v\000o\000s\000\040\000d\000e\000\040\000l\000a\000\040\000u\000n\000i\000d\000a\000d\000\040\000\043\000\040\0004}{section.5}% 16
\BOOKMARK [2][-]{subsection.5.2}{\376\377\000O\000b\000j\000e\000t\000i\000v\000o\000s\000\040\000d\000e\000\040\000l\000a\000\040\000u\000n\000i\000d\000a\000d\000\040\000\043\000\040\0005\000\040\000\046\000\040\0006}{section.5}% 17
\BOOKMARK [2][-]{subsection.5.3}{\376\377\000R\000e\000f\000l\000e\000x\000i\000\363\000n}{section.5}% 18
\BOOKMARK [3][-]{subsubsection.5.3.1}{\376\377\000C\000u\000a\000r\000t\000o\000\040\000p\000a\000r\000c\000i\000a\000l}{subsection.5.3}% 19
\BOOKMARK [2][-]{subsection.5.4}{\376\377\000Q\000u\000i\000n\000t\000o\000\040\000p\000a\000r\000c\000i\000a\000l}{section.5}% 20
\BOOKMARK [2][-]{subsection.5.5}{\376\377\000S\000e\000x\000t\000o\000\040\000p\000a\000r\000c\000i\000a\000l}{section.5}% 21
\BOOKMARK [1][-]{section.6}{\376\377\000B\000i\000o\000l\000o\000g\000\355\000a}{}% 22
\BOOKMARK [2][-]{subsection.6.1}{\376\377\000O\000b\000j\000e\000t\000i\000v\000o\000s}{section.6}% 23
\BOOKMARK [3][-]{subsubsection.6.1.1}{\376\377\000U\000N\000I\000D\000A\000D\000\040\000N\000O\000.\0004}{subsection.6.1}% 24
\BOOKMARK [3][-]{subsubsection.6.1.2}{\376\377\000U\000N\000I\000D\000A\000D\000\040\000N\000O\000.\0005}{subsection.6.1}% 25
\BOOKMARK [3][-]{subsubsection.6.1.3}{\376\377\000U\000N\000I\000D\000A\000D\000\040\000N\000O\000.\0006}{subsection.6.1}% 26
\BOOKMARK [2][-]{subsection.6.2}{\376\377\000R\000e\000f\000l\000e\000x\000i\000\363\000n}{section.6}% 27
\BOOKMARK [1][-]{section.7}{\376\377\000Q\000u\000\355\000m\000i\000c\000a}{}% 28
\BOOKMARK [2][-]{subsection.7.1}{\376\377\000O\000b\000j\000e\000t\000i\000v\000o\000s}{section.7}% 29
\BOOKMARK [2][-]{subsection.7.2}{\376\377\000R\000e\000f\000l\000e\000x\000i\000\363\000n}{section.7}% 30
\BOOKMARK [1][-]{section.8}{\376\377\000M\000a\000t\000e\000m\000\341\000t\000i\000c\000a}{}% 31
\BOOKMARK [2][-]{subsection.8.1}{\376\377\000O\000b\000j\000e\000t\000i\000v\000o\000s}{section.8}% 32
\BOOKMARK [2][-]{subsection.8.2}{\376\377\000R\000e\000f\000l\000e\000x\000i\000\363\000n}{section.8}% 33
\BOOKMARK [1][-]{section.9}{\376\377\000F\000\355\000s\000i\000c\000a}{}% 34
\BOOKMARK [2][-]{subsection.9.1}{\376\377\000O\000b\000j\000e\000t\000i\000v\000o\000s}{section.9}% 35
\BOOKMARK [2][-]{subsection.9.2}{\376\377\000R\000e\000f\000l\000e\000x\000i\000\363\000n}{section.9}% 36
